<?xml version="1.0" encoding="UTF-8"?>
<testsuite name="agh.ics.oop.MapDirectionTest" tests="2" skipped="0" failures="0" errors="0" timestamp="2021-10-21T13:13:03" hostname="DESKTOP-2KTIDAC" time="0.014">
  <properties/>
  <testcase name="textNext()" classname="agh.ics.oop.MapDirectionTest" time="0.014"/>
  <testcase name="testPrevious()" classname="agh.ics.oop.MapDirectionTest" time="0.0"/>
  <system-out><![CDATA[]]></system-out>
  <system-err><![CDATA[]]></system-err>
</testsuite>
